{"level":"INFO","ts":"2026-01-18T16:48:32.674+0800","caller":"logger/logger.go:58","msg":"加载配置成功..."}
{"level":"INFO","ts":"2026-01-18T16:49:44.839+0800","caller":"logger/logger.go:58","msg":"加载配置成功..."}
{"level":"INFO","ts":"2026-01-18T16:50:25.887+0800","caller":"logger/logger.go:58","msg":"加载配置成功..."}
{"level":"INFO","ts":"2026-01-18T16:50:43.762+0800","caller":"logger/logger.go:58","msg":"加载配置成功..."}
{"level":"INFO","ts":"2026-01-18T16:50:47.267+0800","caller":"logger/logger.go:58","msg":"查询用户","user_id":122}
{"level":"INFO","ts":"2026-01-18T16:50:47.268+0800","caller":"logger/logger.go:58","msg":"请求日志","method":"GET","path":"/api/hello","status":200,"cost":0.0007496,"client_ip":"::1"}
{"level":"INFO","ts":"2026-01-18T16:50:47.300+0800","caller":"logger/logger.go:58","msg":"请求日志","method":"GET","path":"/favicon.ico","status":404,"cost":0,"client_ip":"::1"}
{"level":"INFO","ts":"2026-01-19T14:03:13.315+0800","caller":"logger/logger.go:58","msg":"加载配置成功..."}
{"level":"INFO","ts":"2026-01-19T14:03:13.328+0800","caller":"logger/logger.go:58","msg":"启动定时重试任务","taskName":"reCONN_consul"}
{"level":"INFO","ts":"2026-01-19T14:03:13.328+0800","caller":"logger/logger.go:58","msg":"上下文取消"}
{"level":"ERROR","ts":"2026-01-19T14:03:13.335+0800","caller":"logger/logger.go:61","msg":"服务启动失败"}
{"level":"INFO","ts":"2026-01-19T14:04:45.074+0800","caller":"logger/logger.go:58","msg":"加载配置成功..."}
{"level":"INFO","ts":"2026-01-19T14:06:38.004+0800","caller":"logger/logger.go:58","msg":"启动定时重试任务","taskName":"reCONN_consul"}
{"level":"INFO","ts":"2026-01-19T14:06:38.004+0800","caller":"logger/logger.go:58","msg":"上下文取消"}
{"level":"ERROR","ts":"2026-01-19T14:06:38.011+0800","caller":"logger/logger.go:61","msg":"服务启动失败"}
{"level":"INFO","ts":"2026-01-19T14:06:40.477+0800","caller":"logger/logger.go:58","msg":"加载配置成功..."}
{"level":"INFO","ts":"2026-01-19T14:07:02.553+0800","caller":"logger/logger.go:58","msg":"启动定时重试任务","taskName":"reCONN_consul"}
{"level":"INFO","ts":"2026-01-19T14:07:02.553+0800","caller":"logger/logger.go:58","msg":"上下文取消"}
{"level":"ERROR","ts":"2026-01-19T14:07:02.559+0800","caller":"logger/logger.go:61","msg":"服务启动失败"}
{"level":"INFO","ts":"2026-01-19T14:07:04.110+0800","caller":"logger/logger.go:58","msg":"加载配置成功..."}
{"level":"INFO","ts":"2026-01-19T14:07:29.920+0800","caller":"logger/logger.go:58","msg":"启动定时重试任务","taskName":"reCONN_consul"}
{"level":"INFO","ts":"2026-01-19T14:07:29.920+0800","caller":"logger/logger.go:58","msg":"上下文取消"}
{"level":"ERROR","ts":"2026-01-19T14:07:29.928+0800","caller":"logger/logger.go:61","msg":"服务启动失败"}
{"level":"INFO","ts":"2026-01-19T14:07:31.477+0800","caller":"logger/logger.go:58","msg":"加载配置成功..."}
{"level":"INFO","ts":"2026-01-19T14:07:41.566+0800","caller":"logger/logger.go:58","msg":"启动定时重试任务","taskName":"reCONN_consul"}
{"level":"INFO","ts":"2026-01-19T14:07:41.566+0800","caller":"logger/logger.go:58","msg":"上下文取消"}
{"level":"ERROR","ts":"2026-01-19T14:07:41.571+0800","caller":"logger/logger.go:61","msg":"服务启动失败"}
{"level":"INFO","ts":"2026-01-19T14:07:43.117+0800","caller":"logger/logger.go:58","msg":"加载配置成功..."}
{"level":"INFO","ts":"2026-01-19T14:08:09.378+0800","caller":"logger/logger.go:58","msg":"启动定时重试任务","taskName":"reCONN_consul"}
{"level":"INFO","ts":"2026-01-19T14:08:09.378+0800","caller":"logger/logger.go:58","msg":"上下文取消"}
{"level":"ERROR","ts":"2026-01-19T14:08:09.386+0800","caller":"logger/logger.go:61","msg":"服务启动失败"}
{"level":"INFO","ts":"2026-01-19T14:08:10.397+0800","caller":"logger/logger.go:58","msg":"加载配置成功..."}
{"level":"INFO","ts":"2026-01-19T14:08:19.640+0800","caller":"logger/logger.go:58","msg":"加载配置成功..."}
{"level":"ERROR","ts":"2026-01-19T14:08:19.670+0800","caller":"logger/logger.go:61","msg":"服务启动失败"}
{"level":"INFO","ts":"2026-01-19T14:09:11.236+0800","caller":"logger/logger.go:58","msg":"加载配置成功..."}
{"level":"ERROR","ts":"2026-01-19T14:09:17.671+0800","caller":"logger/logger.go:61","msg":"服务启动失败"}
{"level":"INFO","ts":"2026-01-19T14:09:31.873+0800","caller":"logger/logger.go:58","msg":"加载配置成功..."}
{"level":"ERROR","ts":"2026-01-19T14:09:31.902+0800","caller":"logger/logger.go:61","msg":"服务启动失败"}
{"level":"INFO","ts":"2026-01-19T14:11:03.282+0800","caller":"logger/logger.go:58","msg":"加载配置成功..."}
{"level":"ERROR","ts":"2026-01-19T14:12:22.876+0800","caller":"logger/logger.go:61","msg":"服务启动失败"}
{"level":"INFO","ts":"2026-01-19T14:12:26.255+0800","caller":"logger/logger.go:58","msg":"加载配置成功..."}
{"level":"INFO","ts":"2026-01-19T14:13:02.322+0800","caller":"logger/logger.go:58","msg":"请求日志","method":"GET","path":"/healthy","status":200,"cost":0.0015151,"client_ip":"::1"}
{"level":"INFO","ts":"2026-01-19T14:13:30.345+0800","caller":"logger/logger.go:58","msg":"加载配置成功..."}
{"level":"INFO","ts":"2026-01-19T14:13:37.946+0800","caller":"logger/logger.go:58","msg":"请求日志","method":"GET","path":"/healthy","status":200,"cost":0,"client_ip":"::1"}
{"level":"INFO","ts":"2026-01-19T14:13:47.953+0800","caller":"logger/logger.go:58","msg":"请求日志","method":"GET","path":"/healthy","status":200,"cost":0,"client_ip":"::1"}
{"level":"INFO","ts":"2026-01-19T14:13:57.963+0800","caller":"logger/logger.go:58","msg":"请求日志","method":"GET","path":"/healthy","status":200,"cost":0,"client_ip":"::1"}
{"level":"INFO","ts":"2026-01-19T14:14:07.969+0800","caller":"logger/logger.go:58","msg":"请求日志","method":"GET","path":"/healthy","status":200,"cost":0,"client_ip":"::1"}
{"level":"INFO","ts":"2026-01-19T14:14:17.978+0800","caller":"logger/logger.go:58","msg":"请求日志","method":"GET","path":"/healthy","status":200,"cost":0,"client_ip":"::1"}
{"level":"INFO","ts":"2026-01-19T14:14:27.989+0800","caller":"logger/logger.go:58","msg":"请求日志","method":"GET","path":"/healthy","status":200,"cost":0,"client_ip":"::1"}
{"level":"INFO","ts":"2026-01-19T14:14:37.995+0800","caller":"logger/logger.go:58","msg":"请求日志","method":"GET","path":"/healthy","status":200,"cost":0,"client_ip":"::1"}
{"level":"INFO","ts":"2026-01-19T14:14:48.001+0800","caller":"logger/logger.go:58","msg":"请求日志","method":"GET","path":"/healthy","status":200,"cost":0,"client_ip":"::1"}
{"level":"INFO","ts":"2026-01-19T14:14:58.006+0800","caller":"logger/logger.go:58","msg":"请求日志","method":"GET","path":"/healthy","status":200,"cost":0,"client_ip":"::1"}
{"level":"INFO","ts":"2026-01-19T14:15:08.011+0800","caller":"logger/logger.go:58","msg":"请求日志","method":"GET","path":"/healthy","status":200,"cost":0,"client_ip":"::1"}
{"level":"INFO","ts":"2026-01-19T14:15:18.016+0800","caller":"logger/logger.go:58","msg":"请求日志","method":"GET","path":"/healthy","status":200,"cost":0,"client_ip":"::1"}
{"level":"INFO","ts":"2026-01-19T14:15:28.024+0800","caller":"logger/logger.go:58","msg":"请求日志","method":"GET","path":"/healthy","status":200,"cost":0,"client_ip":"::1"}
{"level":"INFO","ts":"2026-01-19T14:15:38.030+0800","caller":"logger/logger.go:58","msg":"请求日志","method":"GET","path":"/healthy","status":200,"cost":0,"client_ip":"::1"}
{"level":"INFO","ts":"2026-01-19T14:16:01.605+0800","caller":"logger/logger.go:58","msg":"加载配置成功..."}
{"level":"INFO","ts":"2026-01-19T14:16:01.617+0800","caller":"logger/logger.go:58","msg":"启动定时重试任务","taskName":"reCONN_consul"}
{"level":"INFO","ts":"2026-01-19T14:16:01.617+0800","caller":"logger/logger.go:58","msg":"上下文取消"}
{"level":"INFO","ts":"2026-01-19T14:16:16.932+0800","caller":"logger/logger.go:58","msg":"加载配置成功..."}
{"level":"INFO","ts":"2026-01-19T14:16:16.944+0800","caller":"logger/logger.go:58","msg":"启动定时重试任务","taskName":"reCONN_consul"}
{"level":"INFO","ts":"2026-01-19T14:16:16.944+0800","caller":"logger/logger.go:58","msg":"上下文取消"}
{"level":"INFO","ts":"2026-01-19T14:18:01.754+0800","caller":"logger/logger.go:58","msg":"加载配置成功..."}
{"level":"INFO","ts":"2026-01-19T14:18:01.766+0800","caller":"logger/logger.go:58","msg":"启动定时重试任务","taskName":"reCONN_consul"}
{"level":"INFO","ts":"2026-01-19T14:18:01.767+0800","caller":"logger/logger.go:58","msg":"上下文取消"}
{"level":"INFO","ts":"2026-01-19T14:18:43.653+0800","caller":"logger/logger.go:58","msg":"加载配置成功..."}
{"level":"INFO","ts":"2026-01-19T14:19:05.872+0800","caller":"logger/logger.go:58","msg":"启动定时重试任务","taskName":"reCONN_consul"}
{"level":"INFO","ts":"2026-01-19T14:19:05.872+0800","caller":"logger/logger.go:58","msg":"上下文取消"}
{"level":"INFO","ts":"2026-01-19T14:19:15.865+0800","caller":"logger/logger.go:58","msg":"加载配置成功..."}
{"level":"INFO","ts":"2026-01-19T14:19:15.877+0800","caller":"logger/logger.go:58","msg":"启动定时重试任务","taskName":"reCONN_consul"}
{"level":"INFO","ts":"2026-01-19T14:19:15.877+0800","caller":"logger/logger.go:58","msg":"上下文取消"}
{"level":"INFO","ts":"2026-01-19T14:19:56.955+0800","caller":"logger/logger.go:58","msg":"加载配置成功..."}
{"level":"INFO","ts":"2026-01-19T14:20:00.173+0800","caller":"logger/logger.go:58","msg":"启动定时重试任务","taskName":"reCONN_consul"}
{"level":"INFO","ts":"2026-01-19T14:20:00.173+0800","caller":"logger/logger.go:58","msg":"上下文取消"}
{"level":"INFO","ts":"2026-01-19T14:21:07.169+0800","caller":"logger/logger.go:58","msg":"加载配置成功..."}
{"level":"INFO","ts":"2026-01-19T14:21:09.800+0800","caller":"logger/logger.go:58","msg":"启动定时重试任务","taskName":"reCONN_consul"}
{"level":"INFO","ts":"2026-01-19T14:25:40.200+0800","caller":"logger/logger.go:58","msg":"加载配置成功..."}
{"level":"INFO","ts":"2026-01-19T14:25:48.734+0800","caller":"logger/logger.go:58","msg":"启动定时重试任务","taskName":"reCONN_consul"}
{"level":"INFO","ts":"2026-01-19T14:27:08.841+0800","caller":"logger/logger.go:58","msg":"加载配置成功..."}
{"level":"INFO","ts":"2026-01-19T14:27:11.320+0800","caller":"logger/logger.go:58","msg":"启动定时重试任务","taskName":"reCONN_consul"}
{"level":"INFO","ts":"2026-01-19T14:29:14.522+0800","caller":"logger/logger.go:58","msg":"加载配置成功..."}
{"level":"INFO","ts":"2026-01-19T14:29:41.954+0800","caller":"logger/logger.go:58","msg":"启动定时重试任务","taskName":"reCONN_consul"}
{"level":"INFO","ts":"2026-01-19T14:31:46.728+0800","caller":"logger/logger.go:58","msg":"请求日志","method":"GET","path":"/healthy","status":200,"cost":0,"client_ip":"::1"}
{"level":"INFO","ts":"2026-01-19T14:31:55.886+0800","caller":"logger/logger.go:58","msg":"任务重试成功","taskname":"reCONN_consul","重试次数":"3"}
{"level":"INFO","ts":"2026-01-19T15:43:10.217+0800","caller":"logger/logger.go:58","msg":"加载配置成功..."}
{"level":"ERROR","ts":"2026-01-19T15:43:10.229+0800","caller":"logger/logger.go:61","msg":"mysql数据库配置缺少"}
{"level":"INFO","ts":"2026-01-19T15:44:01.701+0800","caller":"logger/logger.go:58","msg":"加载配置成功..."}
{"level":"ERROR","ts":"2026-01-19T15:44:14.503+0800","caller":"logger/logger.go:61","msg":"mysql数据库配置缺少"}
{"level":"INFO","ts":"2026-01-19T15:44:16.571+0800","caller":"logger/logger.go:58","msg":"加载配置成功..."}
{"level":"ERROR","ts":"2026-01-19T15:44:57.621+0800","caller":"logger/logger.go:61","msg":"mysql数据库配置缺少"}
{"level":"INFO","ts":"2026-01-19T15:44:59.663+0800","caller":"logger/logger.go:58","msg":"加载配置成功..."}
{"level":"ERROR","ts":"2026-01-19T15:45:47.993+0800","caller":"logger/logger.go:61","msg":"mysql数据库配置缺少"}
{"level":"INFO","ts":"2026-01-19T15:45:50.177+0800","caller":"logger/logger.go:58","msg":"加载配置成功..."}
{"level":"ERROR","ts":"2026-01-19T15:47:06.670+0800","caller":"logger/logger.go:61","msg":"mysql数据库配置缺少"}
{"level":"INFO","ts":"2026-01-19T15:47:08.929+0800","caller":"logger/logger.go:58","msg":"加载配置成功..."}
{"level":"ERROR","ts":"2026-01-19T15:48:33.043+0800","caller":"logger/logger.go:61","msg":"mysql数据库配置缺少"}
{"level":"INFO","ts":"2026-01-19T15:48:56.376+0800","caller":"logger/logger.go:58","msg":"加载配置成功..."}
{"level":"INFO","ts":"2026-01-19T15:49:06.061+0800","caller":"logger/logger.go:58","msg":"mysql连接成功！！！"}
{"level":"ERROR","ts":"2026-01-19T15:49:12.038+0800","caller":"logger/logger.go:61","msg":"查询所有用户失败!"}
{"level":"INFO","ts":"2026-01-19T15:51:09.816+0800","caller":"logger/logger.go:58","msg":"加载配置成功..."}
{"level":"INFO","ts":"2026-01-19T15:51:10.097+0800","caller":"logger/logger.go:58","msg":"mysql连接成功！！！"}
{"level":"ERROR","ts":"2026-01-19T15:51:20.022+0800","caller":"logger/logger.go:61","msg":"查询所有用户失败!"}
{"level":"INFO","ts":"2026-01-19T15:51:25.787+0800","caller":"logger/logger.go:58","msg":"请求日志","method":"GET","path":"/healthy","status":200,"cost":0,"client_ip":"::1"}
{"level":"INFO","ts":"2026-01-19T15:51:39.215+0800","caller":"logger/logger.go:58","msg":"加载配置成功..."}
{"level":"INFO","ts":"2026-01-19T15:51:39.521+0800","caller":"logger/logger.go:58","msg":"mysql连接成功！！！"}
{"level":"ERROR","ts":"2026-01-19T15:51:41.876+0800","caller":"logger/logger.go:61","msg":"查询所有用户失败!"}
{"level":"INFO","ts":"2026-01-19T15:58:56.934+0800","caller":"logger/logger.go:58","msg":"加载配置成功..."}
{"level":"INFO","ts":"2026-01-19T15:58:57.211+0800","caller":"logger/logger.go:58","msg":"mysql连接成功！！！"}
{"level":"INFO","ts":"2026-01-19T15:58:58.839+0800","caller":"logger/logger.go:58","msg":"查询所有用户成功..."}
{"level":"INFO","ts":"2026-01-19T15:59:08.793+0800","caller":"logger/logger.go:58","msg":"请求日志","method":"GET","path":"/healthy","status":200,"cost":0,"client_ip":"::1"}
{"level":"INFO","ts":"2026-01-19T15:59:18.798+0800","caller":"logger/logger.go:58","msg":"请求日志","method":"GET","path":"/healthy","status":200,"cost":0,"client_ip":"::1"}
{"level":"INFO","ts":"2026-01-19T15:59:27.105+0800","caller":"logger/logger.go:58","msg":"加载配置成功..."}
{"level":"INFO","ts":"2026-01-19T15:59:27.471+0800","caller":"logger/logger.go:58","msg":"mysql连接成功！！！"}
{"level":"INFO","ts":"2026-01-19T15:59:29.424+0800","caller":"logger/logger.go:58","msg":"查询所有用户成功..."}
{"level":"INFO","ts":"2026-01-19T17:49:25.899+0800","caller":"logger/logger.go:58","msg":"加载配置成功..."}
{"level":"INFO","ts":"2026-01-19T17:49:26.195+0800","caller":"logger/logger.go:58","msg":"mysql连接成功！！！"}
{"level":"INFO","ts":"2026-01-19T17:49:34.919+0800","caller":"logger/logger.go:58","msg":"请求日志","method":"GET","path":"/healthy","status":200,"cost":0,"client_ip":"::1"}
{"level":"INFO","ts":"2026-01-19T17:49:44.929+0800","caller":"logger/logger.go:58","msg":"请求日志","method":"GET","path":"/healthy","status":200,"cost":0,"client_ip":"::1"}
{"level":"INFO","ts":"2026-01-19T17:49:54.114+0800","caller":"logger/logger.go:58","msg":"查询所有用户成功..."}
{"level":"INFO","ts":"2026-01-19T17:49:54.114+0800","caller":"logger/logger.go:58","msg":"请求日志","method":"GET","path":"/api/all","status":200,"cost":0.0681736,"client_ip":"::1"}
{"level":"INFO","ts":"2026-01-19T17:49:54.939+0800","caller":"logger/logger.go:58","msg":"请求日志","method":"GET","path":"/healthy","status":200,"cost":0,"client_ip":"::1"}
{"level":"INFO","ts":"2026-01-20T12:08:14.075+0800","caller":"logger/logger.go:58","msg":"加载配置成功..."}
{"level":"INFO","ts":"2026-01-20T12:08:18.927+0800","caller":"logger/logger.go:58","msg":"mysql连接成功！！！"}
{"level":"INFO","ts":"2026-01-20T12:08:26.015+0800","caller":"logger/logger.go:58","msg":"请求日志","method":"GET","path":"/healthy","status":200,"cost":0,"client_ip":"::1"}
{"level":"INFO","ts":"2026-01-20T12:08:36.027+0800","caller":"logger/logger.go:58","msg":"请求日志","method":"GET","path":"/healthy","status":200,"cost":0,"client_ip":"::1"}
{"level":"INFO","ts":"2026-01-20T12:08:46.044+0800","caller":"logger/logger.go:58","msg":"请求日志","method":"GET","path":"/healthy","status":200,"cost":0,"client_ip":"::1"}
{"level":"INFO","ts":"2026-01-20T12:08:51.187+0800","caller":"logger/logger.go:58","msg":"请求日志","method":"GET","path":"/hello","status":404,"cost":0,"client_ip":"::1"}
{"level":"INFO","ts":"2026-01-20T12:08:51.363+0800","caller":"logger/logger.go:58","msg":"请求日志","method":"GET","path":"/favicon.ico","status":404,"cost":0,"client_ip":"::1"}
{"level":"INFO","ts":"2026-01-20T12:08:56.058+0800","caller":"logger/logger.go:58","msg":"请求日志","method":"GET","path":"/healthy","status":200,"cost":0,"client_ip":"::1"}
{"level":"INFO","ts":"2026-01-20T12:09:01.238+0800","caller":"logger/logger.go:58","msg":"查询所有用户成功..."}
{"level":"INFO","ts":"2026-01-20T12:09:01.238+0800","caller":"logger/logger.go:58","msg":"请求日志","method":"GET","path":"/api/all","status":200,"cost":0.0462175,"client_ip":"::1"}
{"level":"INFO","ts":"2026-01-20T12:09:06.065+0800","caller":"logger/logger.go:58","msg":"请求日志","method":"GET","path":"/healthy","status":200,"cost":0,"client_ip":"::1"}
{"level":"INFO","ts":"2026-01-20T15:11:02.049+0800","caller":"logger/logger.go:58","msg":"加载配置成功..."}
{"level":"INFO","ts":"2026-01-20T15:11:02.444+0800","caller":"logger/logger.go:58","msg":"mysql连接成功！！！"}
{"level":"INFO","ts":"2026-01-20T15:11:08.061+0800","caller":"logger/logger.go:58","msg":"请求日志","method":"GET","path":"/healthy","status":200,"cost":0,"client_ip":"::1"}
{"level":"INFO","ts":"2026-01-20T15:11:09.113+0800","caller":"logger/logger.go:58","msg":"查询所有用户成功..."}
{"level":"INFO","ts":"2026-01-20T15:11:09.113+0800","caller":"logger/logger.go:58","msg":"请求日志","method":"GET","path":"/api/all","status":200,"cost":0.0420301,"client_ip":"::1"}
{"level":"INFO","ts":"2026-01-20T15:11:10.423+0800","caller":"logger/logger.go:58","msg":"查询所有用户成功..."}
{"level":"INFO","ts":"2026-01-20T15:11:10.423+0800","caller":"logger/logger.go:58","msg":"请求日志","method":"GET","path":"/api/all","status":200,"cost":0.0512472,"client_ip":"::1"}
{"level":"INFO","ts":"2026-01-20T15:11:18.070+0800","caller":"logger/logger.go:58","msg":"请求日志","method":"GET","path":"/healthy","status":200,"cost":0,"client_ip":"::1"}
{"level":"INFO","ts":"2026-01-20T15:11:28.084+0800","caller":"logger/logger.go:58","msg":"请求日志","method":"GET","path":"/healthy","status":200,"cost":0,"client_ip":"::1"}
{"level":"INFO","ts":"2026-01-20T15:11:38.088+0800","caller":"logger/logger.go:58","msg":"请求日志","method":"GET","path":"/healthy","status":200,"cost":0,"client_ip":"::1"}
{"level":"INFO","ts":"2026-01-20T15:11:48.093+0800","caller":"logger/logger.go:58","msg":"请求日志","method":"GET","path":"/healthy","status":200,"cost":0,"client_ip":"::1"}
{"level":"INFO","ts":"2026-01-20T15:11:58.097+0800","caller":"logger/logger.go:58","msg":"请求日志","method":"GET","path":"/healthy","status":200,"cost":0,"client_ip":"::1"}
{"level":"INFO","ts":"2026-01-20T15:12:08.102+0800","caller":"logger/logger.go:58","msg":"请求日志","method":"GET","path":"/healthy","status":200,"cost":0,"client_ip":"::1"}
{"level":"INFO","ts":"2026-01-21T16:46:29.548+0800","caller":"logger/logger.go:58","msg":"加载配置成功..."}
{"level":"INFO","ts":"2026-01-21T16:47:18.830+0800","caller":"logger/logger.go:58","msg":"加载配置成功..."}
{"level":"INFO","ts":"2026-01-21T16:47:44.860+0800","caller":"logger/logger.go:58","msg":"加载配置成功..."}
{"level":"INFO","ts":"2026-01-21T16:49:21.254+0800","caller":"logger/logger.go:58","msg":"加载配置成功..."}
{"level":"INFO","ts":"2026-01-21T16:51:00.648+0800","caller":"logger/logger.go:58","msg":"加载配置成功..."}
{"level":"INFO","ts":"2026-01-21T16:57:16.400+0800","caller":"logger/logger.go:58","msg":"加载配置成功..."}
{"level":"INFO","ts":"2026-01-21T16:57:18.407+0800","caller":"logger/logger.go:58","msg":"mysql连接成功！！！"}
{"level":"INFO","ts":"2026-01-21T16:57:18.512+0800","caller":"logger/logger.go:58","msg":"请求日志","method":"GET","path":"/healthy","status":200,"cost":0,"client_ip":"::1"}
{"level":"INFO","ts":"2026-01-21T16:57:28.522+0800","caller":"logger/logger.go:58","msg":"请求日志","method":"GET","path":"/healthy","status":200,"cost":0,"client_ip":"::1"}
{"level":"INFO","ts":"2026-01-21T16:57:36.633+0800","caller":"logger/logger.go:58","msg":"MySQL 连接池已优雅关闭"}
{"level":"INFO","ts":"2026-01-21T16:57:54.274+0800","caller":"logger/logger.go:58","msg":"加载配置成功..."}
{"level":"INFO","ts":"2026-01-21T16:57:57.726+0800","caller":"logger/logger.go:58","msg":"mysql连接成功！！！"}
{"level":"INFO","ts":"2026-01-21T16:57:58.923+0800","caller":"logger/logger.go:58","msg":"MySQL 连接池已优雅关闭"}
{"level":"INFO","ts":"2026-01-21T16:58:01.164+0800","caller":"logger/logger.go:58","msg":"加载配置成功..."}
{"level":"INFO","ts":"2026-01-21T17:01:43.444+0800","caller":"logger/logger.go:58","msg":"加载配置成功..."}
{"level":"INFO","ts":"2026-01-23T15:49:15.807+0800","caller":"logger/logger.go:58","msg":"加载配置成功..."}
{"level":"INFO","ts":"2026-01-23T15:49:17.048+0800","caller":"logger/logger.go:58","msg":"mysql连接成功！！！"}
{"level":"INFO","ts":"2026-01-23T15:49:17.618+0800","caller":"logger/logger.go:58","msg":"redis连接成功..."}
{"level":"INFO","ts":"2026-01-23T15:49:27.125+0800","caller":"logger/logger.go:58","msg":"请求日志","method":"GET","path":"/healthy","status":200,"cost":0.0005692,"client_ip":"::1"}
{"level":"INFO","ts":"2026-01-23T15:49:37.136+0800","caller":"logger/logger.go:58","msg":"请求日志","method":"GET","path":"/healthy","status":200,"cost":0,"client_ip":"::1"}
{"level":"INFO","ts":"2026-01-23T15:49:40.186+0800","caller":"logger/logger.go:58","msg":"MySQL 连接池已优雅关闭"}
{"level":"INFO","ts":"2026-01-23T15:49:43.451+0800","caller":"logger/logger.go:58","msg":"加载配置成功..."}
{"level":"INFO","ts":"2026-01-23T15:49:43.752+0800","caller":"logger/logger.go:58","msg":"mysql连接成功！！！"}
{"level":"INFO","ts":"2026-01-23T15:49:43.980+0800","caller":"logger/logger.go:58","msg":"redis连接成功..."}
{"level":"INFO","ts":"2026-01-23T15:50:05.921+0800","caller":"logger/logger.go:58","msg":"MySQL 连接池已优雅关闭"}
{"level":"INFO","ts":"2026-01-23T15:50:08.137+0800","caller":"logger/logger.go:58","msg":"加载配置成功..."}
{"level":"INFO","ts":"2026-01-23T15:50:08.418+0800","caller":"logger/logger.go:58","msg":"mysql连接成功！！！"}
{"level":"INFO","ts":"2026-01-23T15:50:08.676+0800","caller":"logger/logger.go:58","msg":"redis连接成功..."}
{"level":"INFO","ts":"2026-01-23T15:50:27.924+0800","caller":"logger/logger.go:58","msg":"MySQL 连接池已优雅关闭"}
{"level":"INFO","ts":"2026-01-23T15:51:46.596+0800","caller":"logger/logger.go:58","msg":"加载配置成功..."}
{"level":"INFO","ts":"2026-01-23T15:51:47.877+0800","caller":"logger/logger.go:58","msg":"mysql连接成功！！！"}
{"level":"INFO","ts":"2026-01-23T15:51:48.136+0800","caller":"logger/logger.go:58","msg":"redis连接成功..."}
{"level":"INFO","ts":"2026-01-23T15:53:01.958+0800","caller":"logger/logger.go:58","msg":"MySQL 连接池已优雅关闭"}
{"level":"INFO","ts":"2026-01-23T15:53:20.220+0800","caller":"logger/logger.go:58","msg":"加载配置成功..."}
{"level":"INFO","ts":"2026-01-23T15:53:20.494+0800","caller":"logger/logger.go:58","msg":"mysql连接成功！！！"}
{"level":"INFO","ts":"2026-01-23T15:53:20.732+0800","caller":"logger/logger.go:58","msg":"redis连接成功..."}
{"level":"INFO","ts":"2026-01-23T15:53:31.521+0800","caller":"logger/logger.go:58","msg":"MySQL 连接池已优雅关闭"}
{"level":"INFO","ts":"2026-01-23T15:53:42.916+0800","caller":"logger/logger.go:58","msg":"加载配置成功..."}
{"level":"INFO","ts":"2026-01-23T15:53:43.175+0800","caller":"logger/logger.go:58","msg":"mysql连接成功！！！"}
{"level":"INFO","ts":"2026-01-23T15:53:43.411+0800","caller":"logger/logger.go:58","msg":"redis连接成功..."}
{"level":"INFO","ts":"2026-01-23T15:54:08.854+0800","caller":"logger/logger.go:58","msg":"MySQL 连接池已优雅关闭"}
{"level":"INFO","ts":"2026-01-23T15:57:12.484+0800","caller":"logger/logger.go:58","msg":"加载配置成功..."}
{"level":"INFO","ts":"2026-01-23T15:57:12.793+0800","caller":"logger/logger.go:58","msg":"mysql连接成功！！！"}
{"level":"INFO","ts":"2026-01-23T15:57:13.055+0800","caller":"logger/logger.go:58","msg":"redis连接成功..."}
{"level":"INFO","ts":"2026-01-23T15:57:24.334+0800","caller":"logger/logger.go:58","msg":"MySQL 连接池已优雅关闭"}
{"level":"INFO","ts":"2026-01-23T15:57:25.569+0800","caller":"logger/logger.go:58","msg":"加载配置成功..."}
{"level":"INFO","ts":"2026-01-23T15:57:25.826+0800","caller":"logger/logger.go:58","msg":"mysql连接成功！！！"}
{"level":"INFO","ts":"2026-01-23T15:57:26.038+0800","caller":"logger/logger.go:58","msg":"redis连接成功..."}
{"level":"INFO","ts":"2026-01-23T15:57:59.703+0800","caller":"logger/logger.go:58","msg":"MySQL 连接池已优雅关闭"}
{"level":"INFO","ts":"2026-01-23T15:58:03.706+0800","caller":"logger/logger.go:58","msg":"加载配置成功..."}
{"level":"INFO","ts":"2026-01-23T15:58:03.958+0800","caller":"logger/logger.go:58","msg":"mysql连接成功！！！"}
{"level":"INFO","ts":"2026-01-23T15:58:04.184+0800","caller":"logger/logger.go:58","msg":"redis连接成功..."}
{"level":"INFO","ts":"2026-01-23T15:58:41.423+0800","caller":"logger/logger.go:58","msg":"MySQL 连接池已优雅关闭"}
{"level":"INFO","ts":"2026-01-23T15:58:44.744+0800","caller":"logger/logger.go:58","msg":"加载配置成功..."}
{"level":"INFO","ts":"2026-01-23T15:58:45.018+0800","caller":"logger/logger.go:58","msg":"mysql连接成功！！！"}
{"level":"INFO","ts":"2026-01-23T15:58:45.274+0800","caller":"logger/logger.go:58","msg":"redis连接成功..."}
{"level":"INFO","ts":"2026-01-23T15:59:04.598+0800","caller":"logger/logger.go:58","msg":"MySQL 连接池已优雅关闭"}
{"level":"INFO","ts":"2026-01-23T15:59:08.439+0800","caller":"logger/logger.go:58","msg":"加载配置成功..."}
{"level":"INFO","ts":"2026-01-23T15:59:08.697+0800","caller":"logger/logger.go:58","msg":"mysql连接成功！！！"}
{"level":"INFO","ts":"2026-01-23T15:59:08.935+0800","caller":"logger/logger.go:58","msg":"redis连接成功..."}
{"level":"INFO","ts":"2026-01-23T15:59:12.345+0800","caller":"logger/logger.go:58","msg":"MySQL 连接池已优雅关闭"}
